android/app/build/outputs/logs/manifest-merger-debug-report.txt
-- Merging decision tree log ---
manifest
ADDED from AndroidManifest.xml:1:1
	package
		ADDED from AndroidManifest.xml:2:5
		INJECTED from AndroidManifest.xml:0:0
		INJECTED from AndroidManifest.xml:0:0
	android:versionName
		ADDED from AndroidManifest.xml:4:5
		INJECTED from AndroidManifest.xml:0:0
		INJECTED from AndroidManifest.xml:0:0
	android:versionCode
		ADDED from AndroidManifest.xml:3:5
		INJECTED from AndroidManifest.xml:0:0
		INJECTED from AndroidManifest.xml:0:0
	xmlns:android
		ADDED from AndroidManifest.xml:1:11
uses-permission#android.permission.INTERNET
ADDED from AndroidManifest.xml:6:5
	android:name
		ADDED from AndroidManifest.xml:6:22
uses-permission#android.permission.SYSTEM_ALERT_WINDOW
ADDED from AndroidManifest.xml:7:5
MERGED from com.facebook.react:react-native:0.27.2:11:5
	android:name
		ADDED from AndroidManifest.xml:7:22
uses-sdk
ADDED from AndroidManifest.xml:9:5
MERGED from com.android.support:appcompat-v7:23.0.1:20:5
MERGED from com.android.support:support-v4:23.1.1:20:5
MERGED from com.facebook.react:react-native:0.27.2:7:5
MERGED from com.facebook.fresco:fresco:0.10.0:5:5
MERGED from com.facebook.fresco:drawee:0.10.0:5:5
MERGED from com.android.support:support-v4:23.1.1:20:5
MERGED from com.facebook.fresco:fbcore:0.10.0:5:5
MERGED from com.facebook.fresco:fbcore:0.10.0:5:5
MERGED from com.facebook.fresco:imagepipeline:0.10.0:5:5
MERGED from com.android.support:support-v4:23.1.1:20:5
MERGED from com.facebook.fresco:fbcore:0.10.0:5:5
MERGED from com.facebook.fresco:imagepipeline-base:0.10.0:5:5
MERGED from com.android.support:support-v4:23.1.1:20:5
MERGED from com.facebook.fresco:fbcore:0.10.0:5:5
MERGED from com.facebook.fresco:imagepipeline-okhttp3:0.10.0:5:5
MERGED from com.facebook.fresco:fbcore:0.10.0:5:5
MERGED from com.facebook.fresco:imagepipeline:0.10.0:5:5
MERGED from com.android.support:support-v4:23.1.1:20:5
MERGED from com.facebook.fresco:fbcore:0.10.0:5:5
MERGED from com.facebook.fresco:imagepipeline-base:0.10.0:5:5
MERGED from com.android.support:support-v4:23.1.1:20:5
MERGED from com.facebook.fresco:fbcore:0.10.0:5:5
MERGED from com.android.support:recyclerview-v7:23.0.1:20:5
MERGED from com.android.support:support-v4:23.1.1:20:5
MERGED from com.android.support:appcompat-v7:23.0.1:20:5
MERGED from com.android.support:support-v4:23.1.1:20:5
	android:targetSdkVersion
		ADDED from AndroidManifest.xml:11:9
		INJECTED from AndroidManifest.xml:0:0
		INJECTED from AndroidManifest.xml:0:0
	android:minSdkVersion
		ADDED from AndroidManifest.xml:10:9
		INJECTED from AndroidManifest.xml:0:0
		INJECTED from AndroidManifest.xml:0:0
application
ADDED from AndroidManifest.xml:13:5
MERGED from com.android.support:appcompat-v7:23.0.1:22:5
MERGED from com.android.support:support-v4:23.1.1:22:5
MERGED from com.facebook.react:react-native:0.27.2:13:5
MERGED from org.webkit:android-jsc:r174650:2:3
MERGED from com.android.support:support-v4:23.1.1:22:5
MERGED from com.android.support:support-v4:23.1.1:22:5
MERGED from com.android.support:support-v4:23.1.1:22:5
MERGED from com.android.support:support-v4:23.1.1:22:5
MERGED from com.android.support:support-v4:23.1.1:22:5
MERGED from com.android.support:support-v4:23.1.1:22:5
MERGED from com.android.support:appcompat-v7:23.0.1:22:5
MERGED from com.android.support:support-v4:23.1.1:22:5
	android:label
		ADDED from AndroidManifest.xml:15:7
	android:allowBackup
		ADDED from AndroidManifest.xml:14:7
	android:icon
		ADDED from AndroidManifest.xml:16:7
	android:theme
		ADDED from AndroidManifest.xml:17:7
activity#com.helloworld.MainActivity
ADDED from AndroidManifest.xml:18:7
	android:label
		ADDED from AndroidManifest.xml:20:9
	android:configChanges
		ADDED from AndroidManifest.xml:21:9
	android:name
		ADDED from AndroidManifest.xml:19:9
intent-filter#android.intent.action.MAIN+android.intent.category.LAUNCHER
ADDED from AndroidManifest.xml:22:9
action#android.intent.action.MAIN
ADDED from AndroidManifest.xml:23:13
	android:name
		ADDED from AndroidManifest.xml:23:21
category#android.intent.category.LAUNCHER
ADDED from AndroidManifest.xml:24:13
	android:name
		ADDED from AndroidManifest.xml:24:23
activity#com.facebook.react.devsupport.DevSettingsActivity
ADDED from AndroidManifest.xml:27:7
	android:name
		ADDED from AndroidManifest.xml:27:17
android:uses-permission#android.permission.WRITE_EXTERNAL_STORAGE
IMPLIED from AndroidManifest.xml:1:1 reason: org.webkit.android_jsc has a targetSdkVersion < 4
android:uses-permission#android.permission.READ_PHONE_STATE
IMPLIED from AndroidManifest.xml:1:1 reason: org.webkit.android_jsc has a targetSdkVersion < 4
android:uses-permission#android.permission.READ_EXTERNAL_STORAGE
IMPLIED from AndroidManifest.xml:1:1 reason: org.webkit.android_jsc requested WRITE_EXTERNAL_STORAGE